<?xml version="1.0" encoding="utf-8"?><testsuites name="pytest tests"><testsuite name="pytest" errors="0" failures="0" skipped="0" tests="7" time="10.999" timestamp="2026-09-09T17:53:27.661525+00:00" hostname="agent-env-c02da22d-5ad9-4d59-8a76-6d2653ee4597"><testcase classname="tests.test_cloudinary_iteration8" name="test_health" time="0.179" /><testcase classname="tests.test_cloudinary_iteration8" name="test_admin_login" time="0.540" /><testcase classname="tests.test_cloudinary_iteration8" name="test_settings" time="0.991" /><testcase classname="tests.test_cloudinary_iteration8" name="test_products" time="0.713" /><testcase classname="tests.test_cloudinary_iteration8" name="test_categories" time="0.633" /><testcase classname="tests.test_cloudinary_iteration8" name="test_cloudinary_category_image_upload_and_delete" time="3.873" /><testcase classname="tests.test_cloudinary_iteration8" name="test_cloudinary_hero_image_upload_and_delete" time="3.384" /></testsuite></testsuites>