<?xml version="1.0" encoding="utf-8"?><testsuites name="pytest tests"><testsuite name="pytest" errors="0" failures="0" skipped="0" tests="12" time="12.033" timestamp="2026-09-09T18:40:59.764887+00:00" hostname="agent-env-c02da22d-5ad9-4d59-8a76-6d2653ee4597"><testcase classname="tests.test_nodejs_backend_iteration9.TestAuth" name="test_admin_login_returns_token" time="1.974" /><testcase classname="tests.test_nodejs_backend_iteration9.TestCustomizableProducts" name="test_create" time="1.032" /><testcase classname="tests.test_nodejs_backend_iteration9.TestCustomizableProducts" name="test_get_list" time="0.490" /><testcase classname="tests.test_nodejs_backend_iteration9.TestCustomizableProducts" name="test_update" time="0.607" /><testcase classname="tests.test_nodejs_backend_iteration9.TestAuth" name="test_invalid_login_returns_401" time="0.236" /><testcase classname="tests.test_nodejs_backend_iteration9.TestCustomizableProducts" name="test_delete" time="0.493" /><testcase classname="tests.test_nodejs_backend_iteration9.TestWooCommerce" name="test_categories_returns_list" time="0.002" /><testcase classname="tests.test_nodejs_backend_iteration9.TestWooCommerce" name="test_products_returns_items" time="0.941" /><testcase classname="tests.test_nodejs_backend_iteration9.TestHealth" name="test_root_returns_brand_and_status" time="0.002" /><testcase classname="tests.test_nodejs_backend_iteration9.TestSettings" name="test_public_settings_fields" time="1.067" /><testcase classname="tests.test_nodejs_backend_iteration9.TestCloudinaryCategoryImage" name="test_upload_and_delete_category_image" time="4.001" /><testcase classname="tests.test_nodejs_backend_iteration9.TestCloudinaryHeroImage" name="test_upload_and_delete_hero_image" time="4.098" /></testsuite></testsuites>